<?xml version="1.0" encoding="UTF-8"?>
<testsuite xmlns:xsi="http://www.w3.org/2001/XMLSchema-instance" xsi:noNamespaceSchemaLocation="https://maven.apache.org/surefire/maven-surefire-plugin/xsd/surefire-test-report.xsd" version="3.0.1" name="gendhiramona.test.CalculatorTest" time="0.042" tests="6" errors="0" skipped="3" failures="0">
  <properties>
[...]
</properties>
  <testcase name="testAborted" classname="gendhiramona.test.CalculatorTest" time="0.0">
    <skipped type="org.opentest4j.TestAbortedException"><![CDATA[org.opentest4j.TestAbortedException: This test requires profile null
	at gendhiramona.test.CalculatorTest.testAborted(CalculatorTest.java:67)
	at java.base/java.lang.reflect.Method.invoke(Method.java:580)
	at java.base/java.util.ArrayList.forEach(ArrayList.java:1596)
	at java.base/java.util.ArrayList.forEach(ArrayList.java:1596)
]]></skipped>
    <system-out><![CDATA[Before All
Before each test
After each test
]]></system-out>
  </testcase>
  <testcase name="testDivideFailed" classname="gendhiramona.test.CalculatorTest" time="0.002">
    <system-out><![CDATA[Before each test
After each test
]]></system-out>
  </testcase>
  <testcase name="testSoon" classname="gendhiramona.test.CalculatorTest" time="0.0">
    <skipped message="public void gendhiramona.test.CalculatorTest.testSoon() is @Disabled"/>
  </testcase>
  <testcase name="testAddSuccess" classname="gendhiramona.test.CalculatorTest" time="0.001">
    <system-out><![CDATA[Before each test
After each test
]]></system-out>
  </testcase>
  <testcase name="testAssumptions" classname="gendhiramona.test.CalculatorTest" time="0.0">
    <skipped type="org.opentest4j.TestAbortedException"><![CDATA[org.opentest4j.TestAbortedException: Assumption failed: assumption is not true
	at org.junit.jupiter.api.Assumptions.throwAssumptionFailed(Assumptions.java:321)
	at org.junit.jupiter.api.Assumptions.assumeTrue(Assumptions.java:120)
	at org.junit.jupiter.api.Assumptions.assumeTrue(Assumptions.java:71)
	at gendhiramona.test.CalculatorTest.testAssumptions(CalculatorTest.java:75)
	at java.base/java.lang.reflect.Method.invoke(Method.java:580)
	at java.base/java.util.ArrayList.forEach(ArrayList.java:1596)
	at java.base/java.util.ArrayList.forEach(ArrayList.java:1596)
]]></skipped>
    <system-out><![CDATA[Before each test
After each test
]]></system-out>
  </testcase>
  <testcase name="testDivideSuccess" classname="gendhiramona.test.CalculatorTest" time="0.001">
    <system-out><![CDATA[Before each test
After each test
]]></system-out>
  </testcase>
</testsuite>